Build started 9/24/2011 8:23:58 PM.
     1>Project "C:\Users\Jeffrey\Workspace\LCRenderer\LCRenderer\LCRenderer.vcxproj" on node 2 (build target(s)).
     1>InitializeBuildStatus:
         Creating "Debug\LCRenderer.unsuccessfulbuild" because "AlwaysCreate" was specified.
       ClCompile:
         c:\Program Files (x86)\Microsoft Visual Studio 10.0\VC\bin\CL.exe /c /ZI /nologo /W3 /WX- /Od /Oy- /D WIN32 /D _DEBUG /D _CONSOLE /D _UNICODE /D UNICODE /Gm /EHsc /RTC1 /MDd /GS /fp:precise /Zc:wchar_t /Zc:forScope /Fo"Debug\\" /Fd"Debug\vc100.pdb" /Gd /TP /analyze- /errorReport:prompt main.cpp
         main.cpp
         All outputs are up-to-date.
       ManifestResourceCompile:
         All outputs are up-to-date.
       Link:
         c:\Program Files (x86)\Microsoft Visual Studio 10.0\VC\bin\link.exe /ERRORREPORT:PROMPT /OUT:"C:\Users\Jeffrey\Workspace\LCRenderer\Debug\LCRenderer.exe" /INCREMENTAL /NOLOGO kernel32.lib user32.lib gdi32.lib winspool.lib comdlg32.lib advapi32.lib shell32.lib ole32.lib oleaut32.lib uuid.lib odbc32.lib odbccp32.lib /MANIFEST /ManifestFile:"Debug\LCRenderer.exe.intermediate.manifest" /MANIFESTUAC:"level='asInvoker' uiAccess='false'" /DEBUG /PDB:"C:\Users\Jeffrey\Workspace\LCRenderer\Debug\LCRenderer.pdb" /SUBSYSTEM:CONSOLE /TLBID:1 /DYNAMICBASE /NXCOMPAT /IMPLIB:"C:\Users\Jeffrey\Workspace\LCRenderer\Debug\LCRenderer.lib" /MACHINE:X86 Debug\LCRenderer.exe.embed.manifest.res
         Debug\DataParser.obj
         Debug\main.obj
         Debug\surfac_pov.obj
       Manifest:
         C:\Program Files (x86)\Microsoft SDKs\Windows\v7.0A\bin\mt.exe /nologo /verbose /out:"Debug\LCRenderer.exe.embed.manifest" /manifest Debug\LCRenderer.exe.intermediate.manifest
         All outputs are up-to-date.
       LinkEmbedManifest:
         All outputs are up-to-date.
         LCRenderer.vcxproj -> C:\Users\Jeffrey\Workspace\LCRenderer\Debug\LCRenderer.exe
       FinalizeBuildStatus:
         Deleting file "Debug\LCRenderer.unsuccessfulbuild".
         Touching "Debug\LCRenderer.lastbuildstate".
     1>Done Building Project "C:\Users\Jeffrey\Workspace\LCRenderer\LCRenderer\LCRenderer.vcxproj" (build target(s)).

Build succeeded.

Time Elapsed 00:00:00.79
